0:0:0:0:0:0:0:1 - - [18/Apr/2015:17:57:45 +0900] "GET / HTTP/1.1" 404 306 136 "Mozilla/5.0 (Windows NT 6.1; WOW64) AppleWebKit/537.36 (KHTML, like Gecko) Chrome/42.0.2311.90 Safari/537.36" -
0:0:0:0:0:0:0:1 - - [18/Apr/2015:17:57:52 +0900] "GET /hello HTTP/1.1" 500 511 22 "Mozilla/5.0 (Windows NT 6.1; WOW64) AppleWebKit/537.36 (KHTML, like Gecko) Chrome/42.0.2311.90 Safari/537.36" -
0:0:0:0:0:0:0:1 - - [18/Apr/2015:17:58:51 +0900] "GET / HTTP/1.1" 200 5 80 "Mozilla/5.0 (Windows NT 6.1; WOW64) AppleWebKit/537.36 (KHTML, like Gecko) Chrome/42.0.2311.90 Safari/537.36" -
0:0:0:0:0:0:0:1 - - [18/Apr/2015:17:59:36 +0900] "GET /hello HTTP/1.1" 500 511 58 "Mozilla/5.0 (Windows NT 6.1; WOW64) AppleWebKit/537.36 (KHTML, like Gecko) Chrome/42.0.2311.90 Safari/537.36" -
0:0:0:0:0:0:0:1 - - [18/Apr/2015:18:11:31 +0900] "GET / HTTP/1.1" 200 12 79 "Mozilla/5.0 (Windows NT 6.1; WOW64) AppleWebKit/537.36 (KHTML, like Gecko) Chrome/42.0.2311.90 Safari/537.36" -
0:0:0:0:0:0:0:1 - - [18/Apr/2015:18:13:51 +0900] "GET /style.css HTTP/1.1" 404 306 110 "Mozilla/5.0 (Windows NT 6.1; WOW64) AppleWebKit/537.36 (KHTML, like Gecko) Chrome/42.0.2311.90 Safari/537.36" -
0:0:0:0:0:0:0:1 - - [18/Apr/2015:18:14:03 +0900] "GET /css/style.css HTTP/1.1" 200 43 24 "Mozilla/5.0 (Windows NT 6.1; WOW64) AppleWebKit/537.36 (KHTML, like Gecko) Chrome/42.0.2311.90 Safari/537.36" -
0:0:0:0:0:0:0:1 - - [18/Apr/2015:18:15:16 +0900] "GET / HTTP/1.1" 404 306 112 "Mozilla/5.0 (Windows NT 6.1; WOW64) AppleWebKit/537.36 (KHTML, like Gecko) Chrome/42.0.2311.90 Safari/537.36" -
0:0:0:0:0:0:0:1 - - [18/Apr/2015:18:15:46 +0900] "GET / HTTP/1.1" 404 306 14 "Mozilla/5.0 (Windows NT 6.1; WOW64) AppleWebKit/537.36 (KHTML, like Gecko) Chrome/42.0.2311.90 Safari/537.36" -
0:0:0:0:0:0:0:1 - - [18/Apr/2015:18:18:51 +0900] "GET / HTTP/1.1" 404 306 20 "Mozilla/5.0 (Windows NT 6.1; WOW64) AppleWebKit/537.36 (KHTML, like Gecko) Chrome/42.0.2311.90 Safari/537.36" -
0:0:0:0:0:0:0:1 - - [18/Apr/2015:18:18:52 +0900] "GET /favicon.ico HTTP/1.1" 304 - 6 "Mozilla/5.0 (Windows NT 6.1; WOW64) AppleWebKit/537.36 (KHTML, like Gecko) Chrome/42.0.2311.90 Safari/537.36" -
0:0:0:0:0:0:0:1 - - [18/Apr/2015:18:18:52 +0900] "GET / HTTP/1.1" 404 306 5 "Mozilla/5.0 (Windows NT 6.1; WOW64) AppleWebKit/537.36 (KHTML, like Gecko) Chrome/42.0.2311.90 Safari/537.36" -
0:0:0:0:0:0:0:1 - - [18/Apr/2015:18:18:52 +0900] "GET / HTTP/1.1" 404 - 5 "Mozilla/5.0 (Windows NT 6.1; WOW64) AppleWebKit/537.36 (KHTML, like Gecko) Chrome/42.0.2311.90 Safari/537.36" -
0:0:0:0:0:0:0:1 - - [18/Apr/2015:18:18:52 +0900] "GET / HTTP/1.1" 404 306 5 "Mozilla/5.0 (Windows NT 6.1; WOW64) AppleWebKit/537.36 (KHTML, like Gecko) Chrome/42.0.2311.90 Safari/537.36" -
0:0:0:0:0:0:0:1 - - [18/Apr/2015:18:18:53 +0900] "GET / HTTP/1.1" 404 306 4 "Mozilla/5.0 (Windows NT 6.1; WOW64) AppleWebKit/537.36 (KHTML, like Gecko) Chrome/42.0.2311.90 Safari/537.36" -
0:0:0:0:0:0:0:1 - - [18/Apr/2015:18:18:53 +0900] "GET /favicon.ico HTTP/1.1" 304 - 2 "Mozilla/5.0 (Windows NT 6.1; WOW64) AppleWebKit/537.36 (KHTML, like Gecko) Chrome/42.0.2311.90 Safari/537.36" -
0:0:0:0:0:0:0:1 - - [18/Apr/2015:18:18:53 +0900] "GET /favicon.ico HTTP/1.1" 304 - 4 "Mozilla/5.0 (Windows NT 6.1; WOW64) AppleWebKit/537.36 (KHTML, like Gecko) Chrome/42.0.2311.90 Safari/537.36" -
0:0:0:0:0:0:0:1 - - [18/Apr/2015:18:18:53 +0900] "GET /favicon.ico HTTP/1.1" 304 - 2 "Mozilla/5.0 (Windows NT 6.1; WOW64) AppleWebKit/537.36 (KHTML, like Gecko) Chrome/42.0.2311.90 Safari/537.36" -
0:0:0:0:0:0:0:1 - - [18/Apr/2015:18:18:53 +0900] "GET /favicon.ico HTTP/1.1" 304 - 2 "Mozilla/5.0 (Windows NT 6.1; WOW64) AppleWebKit/537.36 (KHTML, like Gecko) Chrome/42.0.2311.90 Safari/537.36" -
0:0:0:0:0:0:0:1 - - [18/Apr/2015:18:18:53 +0900] "GET /favicon.ico HTTP/1.1" 304 - 2 "Mozilla/5.0 (Windows NT 6.1; WOW64) AppleWebKit/537.36 (KHTML, like Gecko) Chrome/42.0.2311.90 Safari/537.36" -
0:0:0:0:0:0:0:1 - - [18/Apr/2015:18:18:53 +0900] "GET /favicon.ico HTTP/1.1" 304 - 2 "Mozilla/5.0 (Windows NT 6.1; WOW64) AppleWebKit/537.36 (KHTML, like Gecko) Chrome/42.0.2311.90 Safari/537.36" -
0:0:0:0:0:0:0:1 - - [18/Apr/2015:18:18:53 +0900] "GET /favicon.ico HTTP/1.1" 304 - 1 "Mozilla/5.0 (Windows NT 6.1; WOW64) AppleWebKit/537.36 (KHTML, like Gecko) Chrome/42.0.2311.90 Safari/537.36" -
0:0:0:0:0:0:0:1 - - [18/Apr/2015:18:18:53 +0900] "GET /favicon.ico HTTP/1.1" 304 - 1 "Mozilla/5.0 (Windows NT 6.1; WOW64) AppleWebKit/537.36 (KHTML, like Gecko) Chrome/42.0.2311.90 Safari/537.36" -
0:0:0:0:0:0:0:1 - - [18/Apr/2015:18:18:53 +0900] "GET / HTTP/1.1" 404 306 6 "Mozilla/5.0 (Windows NT 6.1; WOW64) AppleWebKit/537.36 (KHTML, like Gecko) Chrome/42.0.2311.90 Safari/537.36" -
0:0:0:0:0:0:0:1 - - [18/Apr/2015:18:18:54 +0900] "GET / HTTP/1.1" 404 - 5 "Mozilla/5.0 (Windows NT 6.1; WOW64) AppleWebKit/537.36 (KHTML, like Gecko) Chrome/42.0.2311.90 Safari/537.36" -
0:0:0:0:0:0:0:1 - - [18/Apr/2015:18:18:54 +0900] "GET / HTTP/1.1" 404 306 5 "Mozilla/5.0 (Windows NT 6.1; WOW64) AppleWebKit/537.36 (KHTML, like Gecko) Chrome/42.0.2311.90 Safari/537.36" -
0:0:0:0:0:0:0:1 - - [18/Apr/2015:18:18:54 +0900] "GET / HTTP/1.1" 404 306 7 "Mozilla/5.0 (Windows NT 6.1; WOW64) AppleWebKit/537.36 (KHTML, like Gecko) Chrome/42.0.2311.90 Safari/537.36" -
0:0:0:0:0:0:0:1 - - [18/Apr/2015:18:18:54 +0900] "GET / HTTP/1.1" 404 - 6 "Mozilla/5.0 (Windows NT 6.1; WOW64) AppleWebKit/537.36 (KHTML, like Gecko) Chrome/42.0.2311.90 Safari/537.36" -
0:0:0:0:0:0:0:1 - - [18/Apr/2015:18:18:54 +0900] "GET / HTTP/1.1" 404 306 7 "Mozilla/5.0 (Windows NT 6.1; WOW64) AppleWebKit/537.36 (KHTML, like Gecko) Chrome/42.0.2311.90 Safari/537.36" -
0:0:0:0:0:0:0:1 - - [18/Apr/2015:18:18:54 +0900] "GET / HTTP/1.1" 404 306 8 "Mozilla/5.0 (Windows NT 6.1; WOW64) AppleWebKit/537.36 (KHTML, like Gecko) Chrome/42.0.2311.90 Safari/537.36" -
0:0:0:0:0:0:0:1 - - [18/Apr/2015:18:18:54 +0900] "GET /favicon.ico HTTP/1.1" 304 - 3 "Mozilla/5.0 (Windows NT 6.1; WOW64) AppleWebKit/537.36 (KHTML, like Gecko) Chrome/42.0.2311.90 Safari/537.36" -
0:0:0:0:0:0:0:1 - - [18/Apr/2015:18:18:54 +0900] "GET / HTTP/1.1" 404 306 7 "Mozilla/5.0 (Windows NT 6.1; WOW64) AppleWebKit/537.36 (KHTML, like Gecko) Chrome/42.0.2311.90 Safari/537.36" -
0:0:0:0:0:0:0:1 - - [18/Apr/2015:18:18:54 +0900] "GET /favicon.ico HTTP/1.1" 304 - 9 "Mozilla/5.0 (Windows NT 6.1; WOW64) AppleWebKit/537.36 (KHTML, like Gecko) Chrome/42.0.2311.90 Safari/537.36" -
0:0:0:0:0:0:0:1 - - [18/Apr/2015:18:18:55 +0900] "GET / HTTP/1.1" 404 306 6 "Mozilla/5.0 (Windows NT 6.1; WOW64) AppleWebKit/537.36 (KHTML, like Gecko) Chrome/42.0.2311.90 Safari/537.36" -
0:0:0:0:0:0:0:1 - - [18/Apr/2015:18:18:55 +0900] "GET / HTTP/1.1" 404 306 6 "Mozilla/5.0 (Windows NT 6.1; WOW64) AppleWebKit/537.36 (KHTML, like Gecko) Chrome/42.0.2311.90 Safari/537.36" -
0:0:0:0:0:0:0:1 - - [18/Apr/2015:18:18:55 +0900] "GET / HTTP/1.1" 404 306 6 "Mozilla/5.0 (Windows NT 6.1; WOW64) AppleWebKit/537.36 (KHTML, like Gecko) Chrome/42.0.2311.90 Safari/537.36" -
0:0:0:0:0:0:0:1 - - [18/Apr/2015:18:29:26 +0900] "GET / HTTP/1.1" 404 306 113 "Mozilla/5.0 (Windows NT 6.1; WOW64) AppleWebKit/537.36 (KHTML, like Gecko) Chrome/42.0.2311.90 Safari/537.36" -
0:0:0:0:0:0:0:1 - - [18/Apr/2015:18:29:27 +0900] "GET / HTTP/1.1" 404 306 8 "Mozilla/5.0 (Windows NT 6.1; WOW64) AppleWebKit/537.36 (KHTML, like Gecko) Chrome/42.0.2311.90 Safari/537.36" -
0:0:0:0:0:0:0:1 - - [18/Apr/2015:18:29:33 +0900] "GET /index.html HTTP/1.1" 200 245 16 "Mozilla/5.0 (Windows NT 6.1; WOW64) AppleWebKit/537.36 (KHTML, like Gecko) Chrome/42.0.2311.90 Safari/537.36" -
0:0:0:0:0:0:0:1 - - [18/Apr/2015:18:29:33 +0900] "GET /css/style.css HTTP/1.1" 304 - 3 "Mozilla/5.0 (Windows NT 6.1; WOW64) AppleWebKit/537.36 (KHTML, like Gecko) Chrome/42.0.2311.90 Safari/537.36" -
0:0:0:0:0:0:0:1 - - [18/Apr/2015:18:29:42 +0900] "GET /index.html HTTP/1.1" 304 - 15 "Mozilla/5.0 (Windows NT 6.1; WOW64) AppleWebKit/537.36 (KHTML, like Gecko) Chrome/42.0.2311.90 Safari/537.36" -
0:0:0:0:0:0:0:1 - - [18/Apr/2015:18:29:42 +0900] "GET /css/style.css HTTP/1.1" 304 - 3 "Mozilla/5.0 (Windows NT 6.1; WOW64) AppleWebKit/537.36 (KHTML, like Gecko) Chrome/42.0.2311.90 Safari/537.36" -
0:0:0:0:0:0:0:1 - - [18/Apr/2015:18:29:44 +0900] "GET / HTTP/1.1" 404 306 0 "Mozilla/5.0 (Windows NT 6.1; WOW64) AppleWebKit/537.36 (KHTML, like Gecko) Chrome/42.0.2311.90 Safari/537.36" -
0:0:0:0:0:0:0:1 - - [18/Apr/2015:18:29:45 +0900] "GET / HTTP/1.1" 404 306 16 "Mozilla/5.0 (Windows NT 6.1; WOW64) AppleWebKit/537.36 (KHTML, like Gecko) Chrome/42.0.2311.90 Safari/537.36" -
0:0:0:0:0:0:0:1 - - [18/Apr/2015:18:29:45 +0900] "GET / HTTP/1.1" 404 306 16 "Mozilla/5.0 (Windows NT 6.1; WOW64) AppleWebKit/537.36 (KHTML, like Gecko) Chrome/42.0.2311.90 Safari/537.36" -
0:0:0:0:0:0:0:1 - - [18/Apr/2015:18:29:46 +0900] "GET / HTTP/1.1" 404 306 5 "Mozilla/5.0 (Windows NT 6.1; WOW64) AppleWebKit/537.36 (KHTML, like Gecko) Chrome/42.0.2311.90 Safari/537.36" -
0:0:0:0:0:0:0:1 - - [18/Apr/2015:18:29:46 +0900] "GET / HTTP/1.1" 404 306 5 "Mozilla/5.0 (Windows NT 6.1; WOW64) AppleWebKit/537.36 (KHTML, like Gecko) Chrome/42.0.2311.90 Safari/537.36" -
0:0:0:0:0:0:0:1 - - [18/Apr/2015:18:29:46 +0900] "GET / HTTP/1.1" 404 306 5 "Mozilla/5.0 (Windows NT 6.1; WOW64) AppleWebKit/537.36 (KHTML, like Gecko) Chrome/42.0.2311.90 Safari/537.36" -
0:0:0:0:0:0:0:1 - - [18/Apr/2015:18:33:11 +0900] "GET / HTTP/1.1" 404 306 114 "Mozilla/5.0 (Windows NT 6.1; WOW64) AppleWebKit/537.36 (KHTML, like Gecko) Chrome/42.0.2311.90 Safari/537.36" -
0:0:0:0:0:0:0:1 - - [18/Apr/2015:18:33:15 +0900] "GET / HTTP/1.1" 404 306 0 "Mozilla/5.0 (Windows NT 6.1; WOW64) AppleWebKit/537.36 (KHTML, like Gecko) Chrome/42.0.2311.90 Safari/537.36" -
0:0:0:0:0:0:0:1 - - [18/Apr/2015:18:33:16 +0900] "GET / HTTP/1.1" 404 306 16 "Mozilla/5.0 (Windows NT 6.1; WOW64) AppleWebKit/537.36 (KHTML, like Gecko) Chrome/42.0.2311.90 Safari/537.36" -
127.0.0.1 - - [18/Apr/2015:18:47:39 +0900] "GET / HTTP/1.1" 200 200 226 "Mozilla/5.0 (Windows NT 6.1; WOW64) AppleWebKit/537.36 (KHTML, like Gecko) Chrome/42.0.2311.90 Safari/537.36" -
127.0.0.1 - - [18/Apr/2015:18:47:39 +0900] "GET /css/style.css HTTP/1.1" 200 43 0 "Mozilla/5.0 (Windows NT 6.1; WOW64) AppleWebKit/537.36 (KHTML, like Gecko) Chrome/42.0.2311.90 Safari/537.36" -
0:0:0:0:0:0:0:1 - - [18/Apr/2015:19:14:23 +0900] "GET / HTTP/1.1" 200 200 221 "Mozilla/5.0 (Windows NT 6.1; WOW64) AppleWebKit/537.36 (KHTML, like Gecko) Chrome/42.0.2311.90 Safari/537.36" -
0:0:0:0:0:0:0:1 - - [18/Apr/2015:19:14:23 +0900] "GET /css/style.css HTTP/1.1" 304 - 5 "Mozilla/5.0 (Windows NT 6.1; WOW64) AppleWebKit/537.36 (KHTML, like Gecko) Chrome/42.0.2311.90 Safari/537.36" -
0:0:0:0:0:0:0:1 - - [18/Apr/2015:19:14:23 +0900] "GET /favicon.ico HTTP/1.1" 304 - 7 "Mozilla/5.0 (Windows NT 6.1; WOW64) AppleWebKit/537.36 (KHTML, like Gecko) Chrome/42.0.2311.90 Safari/537.36" -
0:0:0:0:0:0:0:1 - - [18/Apr/2015:20:16:53 +0900] "GET / HTTP/1.1" 404 306 112 "Mozilla/5.0 (Windows NT 6.1; WOW64) AppleWebKit/537.36 (KHTML, like Gecko) Chrome/42.0.2311.90 Safari/537.36" -
0:0:0:0:0:0:0:1 - - [18/Apr/2015:20:16:53 +0900] "GET /favicon.ico HTTP/1.1" 304 - 26 "Mozilla/5.0 (Windows NT 6.1; WOW64) AppleWebKit/537.36 (KHTML, like Gecko) Chrome/42.0.2311.90 Safari/537.36" -
0:0:0:0:0:0:0:1 - - [18/Apr/2015:20:20:39 +0900] "GET / HTTP/1.1" 200 200 208 "Mozilla/5.0 (Windows NT 6.1; WOW64) AppleWebKit/537.36 (KHTML, like Gecko) Chrome/42.0.2311.90 Safari/537.36" -
0:0:0:0:0:0:0:1 - - [18/Apr/2015:20:20:39 +0900] "GET /css/style.css HTTP/1.1" 200 43 8 "Mozilla/5.0 (Windows NT 6.1; WOW64) AppleWebKit/537.36 (KHTML, like Gecko) Chrome/42.0.2311.90 Safari/537.36" -
0:0:0:0:0:0:0:1 - - [18/Apr/2015:20:27:01 +0900] "GET / HTTP/1.1" 200 1507 281 "Mozilla/5.0 (Windows NT 6.1; WOW64) AppleWebKit/537.36 (KHTML, like Gecko) Chrome/42.0.2311.90 Safari/537.36" -
0:0:0:0:0:0:0:1 - - [18/Apr/2015:20:27:01 +0900] "GET /image/sample.jpg HTTP/1.1" 200 5540 8 "Mozilla/5.0 (Windows NT 6.1; WOW64) AppleWebKit/537.36 (KHTML, like Gecko) Chrome/42.0.2311.90 Safari/537.36" -
0:0:0:0:0:0:0:1 - - [18/Apr/2015:20:27:01 +0900] "GET /js/masonry.pkgd.min.js HTTP/1.1" 200 28326 10 "Mozilla/5.0 (Windows NT 6.1; WOW64) AppleWebKit/537.36 (KHTML, like Gecko) Chrome/42.0.2311.90 Safari/537.36" -
0:0:0:0:0:0:0:1 - - [18/Apr/2015:20:27:01 +0900] "GET /css/sample.css HTTP/1.1" 200 727 14 "Mozilla/5.0 (Windows NT 6.1; WOW64) AppleWebKit/537.36 (KHTML, like Gecko) Chrome/42.0.2311.90 Safari/537.36" -
0:0:0:0:0:0:0:1 - - [18/Apr/2015:20:27:02 +0900] "GET /favicon.ico HTTP/1.1" 304 - 7 "Mozilla/5.0 (Windows NT 6.1; WOW64) AppleWebKit/537.36 (KHTML, like Gecko) Chrome/42.0.2311.90 Safari/537.36" -
0:0:0:0:0:0:0:1 - - [18/Apr/2015:20:41:28 +0900] "GET / HTTP/1.1" 200 1507 15 "Mozilla/5.0 (Windows NT 6.1; WOW64) AppleWebKit/537.36 (KHTML, like Gecko) Chrome/42.0.2311.90 Safari/537.36" -
0:0:0:0:0:0:0:1 - - [18/Apr/2015:20:41:28 +0900] "GET /css/sample.css HTTP/1.1" 304 - 4 "Mozilla/5.0 (Windows NT 6.1; WOW64) AppleWebKit/537.36 (KHTML, like Gecko) Chrome/42.0.2311.90 Safari/537.36" -
0:0:0:0:0:0:0:1 - - [18/Apr/2015:20:41:28 +0900] "GET /js/masonry.pkgd.min.js HTTP/1.1" 304 - 4 "Mozilla/5.0 (Windows NT 6.1; WOW64) AppleWebKit/537.36 (KHTML, like Gecko) Chrome/42.0.2311.90 Safari/537.36" -
0:0:0:0:0:0:0:1 - - [18/Apr/2015:20:41:28 +0900] "GET /image/sample.jpg HTTP/1.1" 304 - 4 "Mozilla/5.0 (Windows NT 6.1; WOW64) AppleWebKit/537.36 (KHTML, like Gecko) Chrome/42.0.2311.90 Safari/537.36" -
0:0:0:0:0:0:0:1 - - [18/Apr/2015:20:41:29 +0900] "GET /favicon.ico HTTP/1.1" 304 - 3 "Mozilla/5.0 (Windows NT 6.1; WOW64) AppleWebKit/537.36 (KHTML, like Gecko) Chrome/42.0.2311.90 Safari/537.36" -
0:0:0:0:0:0:0:1 - - [18/Apr/2015:20:41:31 +0900] "GET / HTTP/1.1" 200 1507 0 "Mozilla/5.0 (Windows NT 6.1; WOW64) AppleWebKit/537.36 (KHTML, like Gecko) Chrome/42.0.2311.90 Safari/537.36" -
0:0:0:0:0:0:0:1 - - [18/Apr/2015:20:41:31 +0900] "GET /css/sample.css HTTP/1.1" 304 - 2 "Mozilla/5.0 (Windows NT 6.1; WOW64) AppleWebKit/537.36 (KHTML, like Gecko) Chrome/42.0.2311.90 Safari/537.36" -
0:0:0:0:0:0:0:1 - - [18/Apr/2015:20:41:31 +0900] "GET /image/sample.jpg HTTP/1.1" 304 - 2 "Mozilla/5.0 (Windows NT 6.1; WOW64) AppleWebKit/537.36 (KHTML, like Gecko) Chrome/42.0.2311.90 Safari/537.36" -
0:0:0:0:0:0:0:1 - - [18/Apr/2015:20:41:31 +0900] "GET /js/masonry.pkgd.min.js HTTP/1.1" 304 - 2 "Mozilla/5.0 (Windows NT 6.1; WOW64) AppleWebKit/537.36 (KHTML, like Gecko) Chrome/42.0.2311.90 Safari/537.36" -
0:0:0:0:0:0:0:1 - - [18/Apr/2015:20:45:01 +0900] "GET / HTTP/1.1" 200 1508 289 "Mozilla/5.0 (Windows NT 6.1; WOW64) AppleWebKit/537.36 (KHTML, like Gecko) Chrome/42.0.2311.90 Safari/537.36" -
0:0:0:0:0:0:0:1 - - [18/Apr/2015:20:45:01 +0900] "GET /image/sample.jpg HTTP/1.1" 304 - 6 "Mozilla/5.0 (Windows NT 6.1; WOW64) AppleWebKit/537.36 (KHTML, like Gecko) Chrome/42.0.2311.90 Safari/537.36" -
0:0:0:0:0:0:0:1 - - [18/Apr/2015:20:45:01 +0900] "GET /js/masonry.pkgd.min.js HTTP/1.1" 304 - 6 "Mozilla/5.0 (Windows NT 6.1; WOW64) AppleWebKit/537.36 (KHTML, like Gecko) Chrome/42.0.2311.90 Safari/537.36" -
0:0:0:0:0:0:0:1 - - [18/Apr/2015:20:45:01 +0900] "GET /css/sample.css HTTP/1.1" 304 - 8 "Mozilla/5.0 (Windows NT 6.1; WOW64) AppleWebKit/537.36 (KHTML, like Gecko) Chrome/42.0.2311.90 Safari/537.36" -
0:0:0:0:0:0:0:1 - - [18/Apr/2015:20:45:52 +0900] "GET / HTTP/1.1" 200 1503 428 "Mozilla/5.0 (Windows NT 6.1; WOW64) AppleWebKit/537.36 (KHTML, like Gecko) Chrome/42.0.2311.90 Safari/537.36" -
0:0:0:0:0:0:0:1 - - [18/Apr/2015:20:45:52 +0900] "GET /image/sample.jpg HTTP/1.1" 304 - 5 "Mozilla/5.0 (Windows NT 6.1; WOW64) AppleWebKit/537.36 (KHTML, like Gecko) Chrome/42.0.2311.90 Safari/537.36" -
0:0:0:0:0:0:0:1 - - [18/Apr/2015:20:45:52 +0900] "GET /js/masonry.pkgd.min.js HTTP/1.1" 304 - 5 "Mozilla/5.0 (Windows NT 6.1; WOW64) AppleWebKit/537.36 (KHTML, like Gecko) Chrome/42.0.2311.90 Safari/537.36" -
0:0:0:0:0:0:0:1 - - [18/Apr/2015:20:45:52 +0900] "GET /css/sample.css HTTP/1.1" 304 - 7 "Mozilla/5.0 (Windows NT 6.1; WOW64) AppleWebKit/537.36 (KHTML, like Gecko) Chrome/42.0.2311.90 Safari/537.36" -
0:0:0:0:0:0:0:1 - - [18/Apr/2015:20:47:02 +0900] "GET / HTTP/1.1" 200 1505 437 "Mozilla/5.0 (Windows NT 6.1; WOW64) AppleWebKit/537.36 (KHTML, like Gecko) Chrome/42.0.2311.90 Safari/537.36" -
0:0:0:0:0:0:0:1 - - [18/Apr/2015:20:47:02 +0900] "GET /css/sample.css HTTP/1.1" 304 - 6 "Mozilla/5.0 (Windows NT 6.1; WOW64) AppleWebKit/537.36 (KHTML, like Gecko) Chrome/42.0.2311.90 Safari/537.36" -
0:0:0:0:0:0:0:1 - - [18/Apr/2015:20:47:02 +0900] "GET /image/sample.jpg HTTP/1.1" 304 - 6 "Mozilla/5.0 (Windows NT 6.1; WOW64) AppleWebKit/537.36 (KHTML, like Gecko) Chrome/42.0.2311.90 Safari/537.36" -
0:0:0:0:0:0:0:1 - - [18/Apr/2015:20:47:02 +0900] "GET /js/masonry.pkgd.min.js HTTP/1.1" 304 - 6 "Mozilla/5.0 (Windows NT 6.1; WOW64) AppleWebKit/537.36 (KHTML, like Gecko) Chrome/42.0.2311.90 Safari/537.36" -
0:0:0:0:0:0:0:1 - - [18/Apr/2015:21:02:49 +0900] "GET / HTTP/1.1" 500 375 432 "Mozilla/5.0 (Windows NT 6.1; WOW64) AppleWebKit/537.36 (KHTML, like Gecko) Chrome/42.0.2311.90 Safari/537.36" -
0:0:0:0:0:0:0:1 - - [18/Apr/2015:21:02:49 +0900] "GET /favicon.ico HTTP/1.1" 200 946 12 "Mozilla/5.0 (Windows NT 6.1; WOW64) AppleWebKit/537.36 (KHTML, like Gecko) Chrome/42.0.2311.90 Safari/537.36" -
0:0:0:0:0:0:0:1 - - [18/Apr/2015:21:03:41 +0900] "GET / HTTP/1.1" 200 1325 417 "Mozilla/5.0 (Windows NT 6.1; WOW64) AppleWebKit/537.36 (KHTML, like Gecko) Chrome/42.0.2311.90 Safari/537.36" -
0:0:0:0:0:0:0:1 - - [18/Apr/2015:21:03:41 +0900] "GET /css/sample.css HTTP/1.1" 200 727 9 "Mozilla/5.0 (Windows NT 6.1; WOW64) AppleWebKit/537.36 (KHTML, like Gecko) Chrome/42.0.2311.90 Safari/537.36" -
0:0:0:0:0:0:0:1 - - [18/Apr/2015:21:03:41 +0900] "GET /image/sample.jpg HTTP/1.1" 200 5540 9 "Mozilla/5.0 (Windows NT 6.1; WOW64) AppleWebKit/537.36 (KHTML, like Gecko) Chrome/42.0.2311.90 Safari/537.36" -
0:0:0:0:0:0:0:1 - - [18/Apr/2015:21:03:41 +0900] "GET /js/masonry.pkgd.min.js HTTP/1.1" 200 28326 9 "Mozilla/5.0 (Windows NT 6.1; WOW64) AppleWebKit/537.36 (KHTML, like Gecko) Chrome/42.0.2311.90 Safari/537.36" -
0:0:0:0:0:0:0:1 - - [18/Apr/2015:21:04:52 +0900] "GET / HTTP/1.1" 200 2667 425 "Mozilla/5.0 (Windows NT 6.1; WOW64) AppleWebKit/537.36 (KHTML, like Gecko) Chrome/42.0.2311.90 Safari/537.36" -
0:0:0:0:0:0:0:1 - - [18/Apr/2015:21:04:52 +0900] "GET /js/masonry.pkgd.min.js HTTP/1.1" 304 - 6 "Mozilla/5.0 (Windows NT 6.1; WOW64) AppleWebKit/537.36 (KHTML, like Gecko) Chrome/42.0.2311.90 Safari/537.36" -
0:0:0:0:0:0:0:1 - - [18/Apr/2015:21:04:52 +0900] "GET /image/sample.jpg HTTP/1.1" 304 - 6 "Mozilla/5.0 (Windows NT 6.1; WOW64) AppleWebKit/537.36 (KHTML, like Gecko) Chrome/42.0.2311.90 Safari/537.36" -
0:0:0:0:0:0:0:1 - - [18/Apr/2015:21:04:52 +0900] "GET /css/sample.css HTTP/1.1" 304 - 8 "Mozilla/5.0 (Windows NT 6.1; WOW64) AppleWebKit/537.36 (KHTML, like Gecko) Chrome/42.0.2311.90 Safari/537.36" -
192.168.1.3 - - [18/Apr/2015:21:06:00 +0900] "GET / HTTP/1.1" 200 2667 15 "Mozilla/5.0 (iPhone; CPU iPhone OS 8_1_2 like Mac OS X) AppleWebKit/600.1.4 (KHTML, like Gecko) Version/8.0 Mobile/12B440 Safari/600.1.4" -
192.168.1.3 - - [18/Apr/2015:21:06:00 +0900] "GET /css/sample.css HTTP/1.1" 200 727 16 "Mozilla/5.0 (iPhone; CPU iPhone OS 8_1_2 like Mac OS X) AppleWebKit/600.1.4 (KHTML, like Gecko) Version/8.0 Mobile/12B440 Safari/600.1.4" -
192.168.1.3 - - [18/Apr/2015:21:06:00 +0900] "GET /image/sample.jpg HTTP/1.1" 200 5540 15 "Mozilla/5.0 (iPhone; CPU iPhone OS 8_1_2 like Mac OS X) AppleWebKit/600.1.4 (KHTML, like Gecko) Version/8.0 Mobile/12B440 Safari/600.1.4" -
192.168.1.3 - - [18/Apr/2015:21:06:00 +0900] "GET /js/masonry.pkgd.min.js HTTP/1.1" 200 28326 31 "Mozilla/5.0 (iPhone; CPU iPhone OS 8_1_2 like Mac OS X) AppleWebKit/600.1.4 (KHTML, like Gecko) Version/8.0 Mobile/12B440 Safari/600.1.4" -
0:0:0:0:0:0:0:1 - - [18/Apr/2015:21:26:59 +0900] "GET / HTTP/1.1" 200 2667 410 "Mozilla/5.0 (Windows NT 6.1; WOW64) AppleWebKit/537.36 (KHTML, like Gecko) Chrome/42.0.2311.90 Safari/537.36" -
0:0:0:0:0:0:0:1 - - [18/Apr/2015:21:26:59 +0900] "GET /css/sample.css HTTP/1.1" 200 727 9 "Mozilla/5.0 (Windows NT 6.1; WOW64) AppleWebKit/537.36 (KHTML, like Gecko) Chrome/42.0.2311.90 Safari/537.36" -
0:0:0:0:0:0:0:1 - - [18/Apr/2015:21:26:59 +0900] "GET /image/sample.jpg HTTP/1.1" 200 5540 8 "Mozilla/5.0 (Windows NT 6.1; WOW64) AppleWebKit/537.36 (KHTML, like Gecko) Chrome/42.0.2311.90 Safari/537.36" -
0:0:0:0:0:0:0:1 - - [18/Apr/2015:21:26:59 +0900] "GET /js/masonry.pkgd.min.js HTTP/1.1" 200 28326 11 "Mozilla/5.0 (Windows NT 6.1; WOW64) AppleWebKit/537.36 (KHTML, like Gecko) Chrome/42.0.2311.90 Safari/537.36" -
0:0:0:0:0:0:0:1 - - [18/Apr/2015:21:27:00 +0900] "GET /favicon.ico HTTP/1.1" 304 - 7 "Mozilla/5.0 (Windows NT 6.1; WOW64) AppleWebKit/537.36 (KHTML, like Gecko) Chrome/42.0.2311.90 Safari/537.36" -
0:0:0:0:0:0:0:1 - - [18/Apr/2015:22:22:27 +0900] "GET / HTTP/1.1" 500 1013 307 "Mozilla/5.0 (Windows NT 6.1; WOW64) AppleWebKit/537.36 (KHTML, like Gecko) Chrome/42.0.2311.90 Safari/537.36" -
0:0:0:0:0:0:0:1 - - [18/Apr/2015:22:22:27 +0900] "GET /favicon.ico HTTP/1.1" 304 - 9 "Mozilla/5.0 (Windows NT 6.1; WOW64) AppleWebKit/537.36 (KHTML, like Gecko) Chrome/42.0.2311.90 Safari/537.36" -
0:0:0:0:0:0:0:1 - - [18/Apr/2015:22:24:35 +0900] "GET / HTTP/1.1" 500 1013 306 "Mozilla/5.0 (Windows NT 6.1; WOW64) AppleWebKit/537.36 (KHTML, like Gecko) Chrome/42.0.2311.90 Safari/537.36" -
0:0:0:0:0:0:0:1 - - [18/Apr/2015:22:26:17 +0900] "GET / HTTP/1.1" 500 1013 304 "Mozilla/5.0 (Windows NT 6.1; WOW64) AppleWebKit/537.36 (KHTML, like Gecko) Chrome/42.0.2311.90 Safari/537.36" -
0:0:0:0:0:0:0:1 - - [18/Apr/2015:22:28:21 +0900] "GET / HTTP/1.1" 500 1013 307 "Mozilla/5.0 (Windows NT 6.1; WOW64) AppleWebKit/537.36 (KHTML, like Gecko) Chrome/42.0.2311.90 Safari/537.36" -
0:0:0:0:0:0:0:1 - - [18/Apr/2015:22:39:21 +0900] "GET / HTTP/1.1" 500 1013 308 "Mozilla/5.0 (Windows NT 6.1; WOW64) AppleWebKit/537.36 (KHTML, like Gecko) Chrome/42.0.2311.90 Safari/537.36" -
0:0:0:0:0:0:0:1 - - [18/Apr/2015:22:39:21 +0900] "GET /favicon.ico HTTP/1.1" 304 - 9 "Mozilla/5.0 (Windows NT 6.1; WOW64) AppleWebKit/537.36 (KHTML, like Gecko) Chrome/42.0.2311.90 Safari/537.36" -
0:0:0:0:0:0:0:1 - - [18/Apr/2015:22:40:25 +0900] "GET / HTTP/1.1" 200 4607 539 "Mozilla/5.0 (Windows NT 6.1; WOW64) AppleWebKit/537.36 (KHTML, like Gecko) Chrome/42.0.2311.90 Safari/537.36" -
0:0:0:0:0:0:0:1 - - [18/Apr/2015:22:40:25 +0900] "GET /css/sample.css HTTP/1.1" 200 727 8 "Mozilla/5.0 (Windows NT 6.1; WOW64) AppleWebKit/537.36 (KHTML, like Gecko) Chrome/42.0.2311.90 Safari/537.36" -
0:0:0:0:0:0:0:1 - - [18/Apr/2015:22:40:25 +0900] "GET /image/sample.jpg HTTP/1.1" 200 5540 7 "Mozilla/5.0 (Windows NT 6.1; WOW64) AppleWebKit/537.36 (KHTML, like Gecko) Chrome/42.0.2311.90 Safari/537.36" -
0:0:0:0:0:0:0:1 - - [18/Apr/2015:22:40:25 +0900] "GET /js/masonry.pkgd.min.js HTTP/1.1" 200 28326 9 "Mozilla/5.0 (Windows NT 6.1; WOW64) AppleWebKit/537.36 (KHTML, like Gecko) Chrome/42.0.2311.90 Safari/537.36" -
0:0:0:0:0:0:0:1 - - [18/Apr/2015:22:41:03 +0900] "GET / HTTP/1.1" 200 2652 517 "Mozilla/5.0 (Windows NT 6.1; WOW64) AppleWebKit/537.36 (KHTML, like Gecko) Chrome/42.0.2311.90 Safari/537.36" -
0:0:0:0:0:0:0:1 - - [18/Apr/2015:22:41:03 +0900] "GET /js/masonry.pkgd.min.js HTTP/1.1" 304 - 6 "Mozilla/5.0 (Windows NT 6.1; WOW64) AppleWebKit/537.36 (KHTML, like Gecko) Chrome/42.0.2311.90 Safari/537.36" -
0:0:0:0:0:0:0:1 - - [18/Apr/2015:22:41:03 +0900] "GET /css/sample.css HTTP/1.1" 304 - 7 "Mozilla/5.0 (Windows NT 6.1; WOW64) AppleWebKit/537.36 (KHTML, like Gecko) Chrome/42.0.2311.90 Safari/537.36" -
0:0:0:0:0:0:0:1 - - [18/Apr/2015:22:49:36 +0900] "GET / HTTP/1.1" 200 2652 90 "Mozilla/5.0 (Windows NT 6.1; WOW64) AppleWebKit/537.36 (KHTML, like Gecko) Chrome/42.0.2311.90 Safari/537.36" -
0:0:0:0:0:0:0:1 - - [18/Apr/2015:22:49:36 +0900] "GET /css/sample.css HTTP/1.1" 200 727 6 "Mozilla/5.0 (Windows NT 6.1; WOW64) AppleWebKit/537.36 (KHTML, like Gecko) Chrome/42.0.2311.90 Safari/537.36" -
0:0:0:0:0:0:0:1 - - [18/Apr/2015:22:49:36 +0900] "GET /js/masonry.pkgd.min.js HTTP/1.1" 200 28326 8 "Mozilla/5.0 (Windows NT 6.1; WOW64) AppleWebKit/537.36 (KHTML, like Gecko) Chrome/42.0.2311.90 Safari/537.36" -
0:0:0:0:0:0:0:1 - - [18/Apr/2015:22:49:44 +0900] "GET / HTTP/1.1" 200 2652 58 "Mozilla/5.0 (Windows NT 6.1; WOW64) AppleWebKit/537.36 (KHTML, like Gecko) Chrome/42.0.2311.90 Safari/537.36" -
0:0:0:0:0:0:0:1 - - [18/Apr/2015:22:49:44 +0900] "GET /css/sample.css HTTP/1.1" 304 - 2 "Mozilla/5.0 (Windows NT 6.1; WOW64) AppleWebKit/537.36 (KHTML, like Gecko) Chrome/42.0.2311.90 Safari/537.36" -
0:0:0:0:0:0:0:1 - - [18/Apr/2015:22:49:44 +0900] "GET /js/masonry.pkgd.min.js HTTP/1.1" 304 - 2 "Mozilla/5.0 (Windows NT 6.1; WOW64) AppleWebKit/537.36 (KHTML, like Gecko) Chrome/42.0.2311.90 Safari/537.36" -
0:0:0:0:0:0:0:1 - - [18/Apr/2015:22:49:46 +0900] "GET / HTTP/1.1" 200 2652 63 "Mozilla/5.0 (Windows NT 6.1; WOW64) AppleWebKit/537.36 (KHTML, like Gecko) Chrome/42.0.2311.90 Safari/537.36" -
0:0:0:0:0:0:0:1 - - [18/Apr/2015:22:49:46 +0900] "GET /css/sample.css HTTP/1.1" 304 - 2 "Mozilla/5.0 (Windows NT 6.1; WOW64) AppleWebKit/537.36 (KHTML, like Gecko) Chrome/42.0.2311.90 Safari/537.36" -
0:0:0:0:0:0:0:1 - - [18/Apr/2015:22:49:46 +0900] "GET /js/masonry.pkgd.min.js HTTP/1.1" 304 - 3 "Mozilla/5.0 (Windows NT 6.1; WOW64) AppleWebKit/537.36 (KHTML, like Gecko) Chrome/42.0.2311.90 Safari/537.36" -
0:0:0:0:0:0:0:1 - - [18/Apr/2015:22:50:35 +0900] "GET / HTTP/1.1" 200 2652 49 "Mozilla/5.0 (Windows NT 6.1; WOW64) AppleWebKit/537.36 (KHTML, like Gecko) Chrome/42.0.2311.90 Safari/537.36" -
0:0:0:0:0:0:0:1 - - [18/Apr/2015:22:50:35 +0900] "GET /css/sample.css HTTP/1.1" 304 - 4 "Mozilla/5.0 (Windows NT 6.1; WOW64) AppleWebKit/537.36 (KHTML, like Gecko) Chrome/42.0.2311.90 Safari/537.36" -
0:0:0:0:0:0:0:1 - - [18/Apr/2015:22:50:35 +0900] "GET /js/masonry.pkgd.min.js HTTP/1.1" 304 - 3 "Mozilla/5.0 (Windows NT 6.1; WOW64) AppleWebKit/537.36 (KHTML, like Gecko) Chrome/42.0.2311.90 Safari/537.36" -
0:0:0:0:0:0:0:1 - - [18/Apr/2015:22:52:26 +0900] "GET / HTTP/1.1" 200 20768 666 "Mozilla/5.0 (Windows NT 6.1; WOW64) AppleWebKit/537.36 (KHTML, like Gecko) Chrome/42.0.2311.90 Safari/537.36" -
0:0:0:0:0:0:0:1 - - [18/Apr/2015:22:52:26 +0900] "GET /css/sample.css HTTP/1.1" 304 - 8 "Mozilla/5.0 (Windows NT 6.1; WOW64) AppleWebKit/537.36 (KHTML, like Gecko) Chrome/42.0.2311.90 Safari/537.36" -
0:0:0:0:0:0:0:1 - - [18/Apr/2015:22:52:26 +0900] "GET /js/masonry.pkgd.min.js HTTP/1.1" 304 - 3 "Mozilla/5.0 (Windows NT 6.1; WOW64) AppleWebKit/537.36 (KHTML, like Gecko) Chrome/42.0.2311.90 Safari/537.36" -
0:0:0:0:0:0:0:1 - - [18/Apr/2015:22:52:40 +0900] "GET / HTTP/1.1" 200 20768 137 "Mozilla/5.0 (Windows NT 6.1; WOW64) AppleWebKit/537.36 (KHTML, like Gecko) Chrome/42.0.2311.90 Safari/537.36" -
0:0:0:0:0:0:0:1 - - [18/Apr/2015:22:52:40 +0900] "GET /css/sample.css HTTP/1.1" 304 - 2 "Mozilla/5.0 (Windows NT 6.1; WOW64) AppleWebKit/537.36 (KHTML, like Gecko) Chrome/42.0.2311.90 Safari/537.36" -
0:0:0:0:0:0:0:1 - - [18/Apr/2015:22:52:40 +0900] "GET /js/masonry.pkgd.min.js HTTP/1.1" 304 - 2 "Mozilla/5.0 (Windows NT 6.1; WOW64) AppleWebKit/537.36 (KHTML, like Gecko) Chrome/42.0.2311.90 Safari/537.36" -
0:0:0:0:0:0:0:1 - - [18/Apr/2015:22:52:43 +0900] "GET / HTTP/1.1" 200 20768 116 "Mozilla/5.0 (Windows NT 6.1; WOW64) AppleWebKit/537.36 (KHTML, like Gecko) Chrome/42.0.2311.90 Safari/537.36" -
0:0:0:0:0:0:0:1 - - [18/Apr/2015:22:52:43 +0900] "GET /css/sample.css HTTP/1.1" 304 - 3 "Mozilla/5.0 (Windows NT 6.1; WOW64) AppleWebKit/537.36 (KHTML, like Gecko) Chrome/42.0.2311.90 Safari/537.36" -
0:0:0:0:0:0:0:1 - - [18/Apr/2015:22:52:43 +0900] "GET /js/masonry.pkgd.min.js HTTP/1.1" 304 - 6 "Mozilla/5.0 (Windows NT 6.1; WOW64) AppleWebKit/537.36 (KHTML, like Gecko) Chrome/42.0.2311.90 Safari/537.36" -
0:0:0:0:0:0:0:1 - - [18/Apr/2015:22:52:45 +0900] "GET / HTTP/1.1" 200 20768 103 "Mozilla/5.0 (Windows NT 6.1; WOW64) AppleWebKit/537.36 (KHTML, like Gecko) Chrome/42.0.2311.90 Safari/537.36" -
0:0:0:0:0:0:0:1 - - [18/Apr/2015:22:52:45 +0900] "GET /css/sample.css HTTP/1.1" 304 - 4 "Mozilla/5.0 (Windows NT 6.1; WOW64) AppleWebKit/537.36 (KHTML, like Gecko) Chrome/42.0.2311.90 Safari/537.36" -
0:0:0:0:0:0:0:1 - - [18/Apr/2015:22:52:45 +0900] "GET /js/masonry.pkgd.min.js HTTP/1.1" 304 - 3 "Mozilla/5.0 (Windows NT 6.1; WOW64) AppleWebKit/537.36 (KHTML, like Gecko) Chrome/42.0.2311.90 Safari/537.36" -
0:0:0:0:0:0:0:1 - - [18/Apr/2015:22:54:11 +0900] "GET / HTTP/1.1" 200 20477 795 "Mozilla/5.0 (Windows NT 6.1; WOW64) AppleWebKit/537.36 (KHTML, like Gecko) Chrome/42.0.2311.90 Safari/537.36" -
0:0:0:0:0:0:0:1 - - [18/Apr/2015:22:54:11 +0900] "GET /css/sample.css HTTP/1.1" 304 - 7 "Mozilla/5.0 (Windows NT 6.1; WOW64) AppleWebKit/537.36 (KHTML, like Gecko) Chrome/42.0.2311.90 Safari/537.36" -
0:0:0:0:0:0:0:1 - - [18/Apr/2015:22:54:11 +0900] "GET /js/masonry.pkgd.min.js HTTP/1.1" 304 - 5 "Mozilla/5.0 (Windows NT 6.1; WOW64) AppleWebKit/537.36 (KHTML, like Gecko) Chrome/42.0.2311.90 Safari/537.36" -
0:0:0:0:0:0:0:1 - - [18/Apr/2015:22:54:25 +0900] "GET / HTTP/1.1" 200 20477 211 "Mozilla/5.0 (Windows NT 6.1; WOW64) AppleWebKit/537.36 (KHTML, like Gecko) Chrome/42.0.2311.90 Safari/537.36" -
0:0:0:0:0:0:0:1 - - [18/Apr/2015:22:54:25 +0900] "GET /css/sample.css HTTP/1.1" 304 - 1 "Mozilla/5.0 (Windows NT 6.1; WOW64) AppleWebKit/537.36 (KHTML, like Gecko) Chrome/42.0.2311.90 Safari/537.36" -
0:0:0:0:0:0:0:1 - - [18/Apr/2015:22:54:25 +0900] "GET /js/masonry.pkgd.min.js HTTP/1.1" 304 - 3 "Mozilla/5.0 (Windows NT 6.1; WOW64) AppleWebKit/537.36 (KHTML, like Gecko) Chrome/42.0.2311.90 Safari/537.36" -
0:0:0:0:0:0:0:1 - - [18/Apr/2015:22:54:30 +0900] "GET / HTTP/1.1" 200 20477 189 "Mozilla/5.0 (Windows NT 6.1; WOW64) AppleWebKit/537.36 (KHTML, like Gecko) Chrome/42.0.2311.90 Safari/537.36" -
0:0:0:0:0:0:0:1 - - [18/Apr/2015:22:54:30 +0900] "GET /js/masonry.pkgd.min.js HTTP/1.1" 304 - 2 "Mozilla/5.0 (Windows NT 6.1; WOW64) AppleWebKit/537.36 (KHTML, like Gecko) Chrome/42.0.2311.90 Safari/537.36" -
0:0:0:0:0:0:0:1 - - [18/Apr/2015:22:54:30 +0900] "GET /css/sample.css HTTP/1.1" 304 - 3 "Mozilla/5.0 (Windows NT 6.1; WOW64) AppleWebKit/537.36 (KHTML, like Gecko) Chrome/42.0.2311.90 Safari/537.36" -
0:0:0:0:0:0:0:1 - - [18/Apr/2015:23:01:47 +0900] "GET / HTTP/1.1" 200 20477 187 "Mozilla/5.0 (Windows NT 6.1; WOW64) AppleWebKit/537.36 (KHTML, like Gecko) Chrome/42.0.2311.90 Safari/537.36" -
0:0:0:0:0:0:0:1 - - [18/Apr/2015:23:01:47 +0900] "GET /css/sample.css HTTP/1.1" 304 - 4 "Mozilla/5.0 (Windows NT 6.1; WOW64) AppleWebKit/537.36 (KHTML, like Gecko) Chrome/42.0.2311.90 Safari/537.36" -
0:0:0:0:0:0:0:1 - - [18/Apr/2015:23:01:47 +0900] "GET /js/masonry.pkgd.min.js HTTP/1.1" 304 - 3 "Mozilla/5.0 (Windows NT 6.1; WOW64) AppleWebKit/537.36 (KHTML, like Gecko) Chrome/42.0.2311.90 Safari/537.36" -
0:0:0:0:0:0:0:1 - - [18/Apr/2015:23:02:31 +0900] "GET / HTTP/1.1" 200 22873 802 "Mozilla/5.0 (Windows NT 6.1; WOW64) AppleWebKit/537.36 (KHTML, like Gecko) Chrome/42.0.2311.90 Safari/537.36" -
0:0:0:0:0:0:0:1 - - [18/Apr/2015:23:02:31 +0900] "GET /css/sample.css HTTP/1.1" 304 - 8 "Mozilla/5.0 (Windows NT 6.1; WOW64) AppleWebKit/537.36 (KHTML, like Gecko) Chrome/42.0.2311.90 Safari/537.36" -
0:0:0:0:0:0:0:1 - - [18/Apr/2015:23:02:31 +0900] "GET /js/masonry.pkgd.min.js HTTP/1.1" 304 - 7 "Mozilla/5.0 (Windows NT 6.1; WOW64) AppleWebKit/537.36 (KHTML, like Gecko) Chrome/42.0.2311.90 Safari/537.36" -
0:0:0:0:0:0:0:1 - - [18/Apr/2015:23:59:44 +0900] "GET / HTTP/1.1" 200 22873 221 "Mozilla/5.0 (Windows NT 6.1; WOW64) AppleWebKit/537.36 (KHTML, like Gecko) Chrome/42.0.2311.90 Safari/537.36" -
0:0:0:0:0:0:0:1 - - [18/Apr/2015:23:59:44 +0900] "GET /css/sample.css HTTP/1.1" 304 - 6 "Mozilla/5.0 (Windows NT 6.1; WOW64) AppleWebKit/537.36 (KHTML, like Gecko) Chrome/42.0.2311.90 Safari/537.36" -
0:0:0:0:0:0:0:1 - - [18/Apr/2015:23:59:44 +0900] "GET /js/masonry.pkgd.min.js HTTP/1.1" 304 - 4 "Mozilla/5.0 (Windows NT 6.1; WOW64) AppleWebKit/537.36 (KHTML, like Gecko) Chrome/42.0.2311.90 Safari/537.36" -
0:0:0:0:0:0:0:1 - - [18/Apr/2015:23:59:45 +0900] "GET /favicon.ico HTTP/1.1" 304 - 11 "Mozilla/5.0 (Windows NT 6.1; WOW64) AppleWebKit/537.36 (KHTML, like Gecko) Chrome/42.0.2311.90 Safari/537.36" -
